INFO:root:Show info about companies
INFO:root:Update info about worker
INFO:root:Update info about worker
WARNING:django.request:Not Found: /favicon.ico
INFO:root:Show info about companies
INFO:root:Edit info about company
INFO:django.utils.autoreload:D:\python\djangoProject1\newspapers\urls.py changed, reloading.
INFO:django.utils.autoreload:D:\python\djangoProject1\newspapers\urls.py changed, reloading.
INFO:django.utils.autoreload:D:\python\djangoProject1\newspapers\urls.py changed, reloading.
INFO:django.utils.autoreload:D:\python\djangoProject1\newspapers\urls.py changed, reloading.
INFO:django.utils.autoreload:D:\python\djangoProject1\newspapers\urls.py changed, reloading.
INFO:django.utils.autoreload:D:\python\djangoProject1\newspapers\views.py changed, reloading.
INFO:django.utils.autoreload:D:\python\djangoProject1\newspapers\views.py changed, reloading.
INFO:django.utils.autoreload:D:\python\djangoProject1\newspapers\views.py changed, reloading.
INFO:django.utils.autoreload:D:\python\djangoProject1\newspapers\views.py changed, reloading.
INFO:django.utils.autoreload:D:\python\djangoProject1\newspapers\views.py changed, reloading.
INFO:django.utils.autoreload:D:\python\djangoProject1\newspapers\views.py changed, reloading.
INFO:django.utils.autoreload:D:\python\djangoProject1\newspapers\views.py changed, reloading.
INFO:django.utils.autoreload:D:\python\djangoProject1\newspapers\views.py changed, reloading.
INFO:django.utils.autoreload:D:\python\djangoProject1\newspapers\views.py changed, reloading.
INFO:django.utils.autoreload:D:\python\djangoProject1\newspapers\views.py changed, reloading.
INFO:django.utils.autoreload:D:\python\djangoProject1\newspapers\views.py changed, reloading.
INFO:django.utils.autoreload:D:\python\djangoProject1\newspapers\views.py changed, reloading.
INFO:django.utils.autoreload:D:\python\djangoProject1\newspapers\views.py changed, reloading.
INFO:django.utils.autoreload:D:\python\djangoProject1\newspapers\views.py changed, reloading.
INFO:django.utils.autoreload:D:\python\djangoProject1\newspapers\views.py changed, reloading.
INFO:django.utils.autoreload:D:\python\djangoProject1\newspapers\views.py changed, reloading.
INFO:django.utils.autoreload:D:\python\djangoProject1\newspapers\views.py changed, reloading.
INFO:django.utils.autoreload:D:\python\djangoProject1\newspapers\urls.py changed, reloading.
INFO:django.utils.autoreload:D:\python\djangoProject1\newspapers\urls.py changed, reloading.
INFO:django.utils.autoreload:D:\python\djangoProject1\newspapers\urls.py changed, reloading.
INFO:django.utils.autoreload:D:\python\djangoProject1\newspapers\urls.py changed, reloading.
INFO:django.utils.autoreload:D:\python\djangoProject1\newspapers\urls.py changed, reloading.
INFO:django.utils.autoreload:D:\python\djangoProject1\newspapers\urls.py changed, reloading.
INFO:django.utils.autoreload:D:\python\djangoProject1\newspapers\urls.py changed, reloading.
INFO:django.utils.autoreload:D:\python\djangoProject1\newspapers\urls.py changed, reloading.
WARNING:django.request:Not Found: /companies_json
ERROR:django.request:Internal Server Error: /menu/companies_json
Traceback (most recent call last):
  File "D:\python\djangoProject1\venv\lib\site-packages\django\core\handlers\exception.py", line 47, in inner
    response = get_response(request)
  File "D:\python\djangoProject1\venv\lib\site-packages\django\core\handlers\base.py", line 204, in _get_response
    response = response.render()
  File "D:\python\djangoProject1\venv\lib\site-packages\django\template\response.py", line 105, in render
    self.content = self.rendered_content
  File "D:\python\djangoProject1\venv\lib\site-packages\rest_framework\response.py", line 70, in rendered_content
    ret = renderer.render(self.data, accepted_media_type, context)
  File "D:\python\djangoProject1\venv\lib\site-packages\rest_framework\renderers.py", line 723, in render
    template = loader.get_template(self.template)
  File "D:\python\djangoProject1\venv\lib\site-packages\django\template\loader.py", line 19, in get_template
    raise TemplateDoesNotExist(template_name, chain=chain)
django.template.exceptions.TemplateDoesNotExist: rest_framework/api.html
ERROR:django.request:Internal Server Error: /menu/companies_json
Traceback (most recent call last):
  File "D:\python\djangoProject1\venv\lib\site-packages\django\core\handlers\exception.py", line 47, in inner
    response = get_response(request)
  File "D:\python\djangoProject1\venv\lib\site-packages\django\core\handlers\base.py", line 204, in _get_response
    response = response.render()
  File "D:\python\djangoProject1\venv\lib\site-packages\django\template\response.py", line 105, in render
    self.content = self.rendered_content
  File "D:\python\djangoProject1\venv\lib\site-packages\rest_framework\response.py", line 70, in rendered_content
    ret = renderer.render(self.data, accepted_media_type, context)
  File "D:\python\djangoProject1\venv\lib\site-packages\rest_framework\renderers.py", line 723, in render
    template = loader.get_template(self.template)
  File "D:\python\djangoProject1\venv\lib\site-packages\django\template\loader.py", line 19, in get_template
    raise TemplateDoesNotExist(template_name, chain=chain)
django.template.exceptions.TemplateDoesNotExist: rest_framework/api.html
ERROR:django.request:Internal Server Error: /menu/companies_json
Traceback (most recent call last):
  File "D:\python\djangoProject1\venv\lib\site-packages\django\core\handlers\exception.py", line 47, in inner
    response = get_response(request)
  File "D:\python\djangoProject1\venv\lib\site-packages\django\core\handlers\base.py", line 204, in _get_response
    response = response.render()
  File "D:\python\djangoProject1\venv\lib\site-packages\django\template\response.py", line 105, in render
    self.content = self.rendered_content
  File "D:\python\djangoProject1\venv\lib\site-packages\rest_framework\response.py", line 70, in rendered_content
    ret = renderer.render(self.data, accepted_media_type, context)
  File "D:\python\djangoProject1\venv\lib\site-packages\rest_framework\renderers.py", line 723, in render
    template = loader.get_template(self.template)
  File "D:\python\djangoProject1\venv\lib\site-packages\django\template\loader.py", line 19, in get_template
    raise TemplateDoesNotExist(template_name, chain=chain)
django.template.exceptions.TemplateDoesNotExist: rest_framework/api.html
ERROR:django.request:Internal Server Error: /menu/companies_json
Traceback (most recent call last):
  File "D:\python\djangoProject1\venv\lib\site-packages\django\core\handlers\exception.py", line 47, in inner
    response = get_response(request)
  File "D:\python\djangoProject1\venv\lib\site-packages\django\core\handlers\base.py", line 204, in _get_response
    response = response.render()
  File "D:\python\djangoProject1\venv\lib\site-packages\django\template\response.py", line 105, in render
    self.content = self.rendered_content
  File "D:\python\djangoProject1\venv\lib\site-packages\rest_framework\response.py", line 70, in rendered_content
    ret = renderer.render(self.data, accepted_media_type, context)
  File "D:\python\djangoProject1\venv\lib\site-packages\rest_framework\renderers.py", line 723, in render
    template = loader.get_template(self.template)
  File "D:\python\djangoProject1\venv\lib\site-packages\django\template\loader.py", line 19, in get_template
    raise TemplateDoesNotExist(template_name, chain=chain)
django.template.exceptions.TemplateDoesNotExist: rest_framework/api.html
INFO:django.utils.autoreload:D:\python\djangoProject1\newspapers\views.py changed, reloading.
INFO:django.utils.autoreload:D:\python\djangoProject1\newspapers\views.py changed, reloading.
ERROR:django.request:Internal Server Error: /menu/companies_json
Traceback (most recent call last):
  File "D:\python\djangoProject1\venv\lib\site-packages\django\core\handlers\exception.py", line 47, in inner
    response = get_response(request)
  File "D:\python\djangoProject1\venv\lib\site-packages\django\core\handlers\base.py", line 204, in _get_response
    response = response.render()
  File "D:\python\djangoProject1\venv\lib\site-packages\django\template\response.py", line 105, in render
    self.content = self.rendered_content
  File "D:\python\djangoProject1\venv\lib\site-packages\rest_framework\response.py", line 70, in rendered_content
    ret = renderer.render(self.data, accepted_media_type, context)
  File "D:\python\djangoProject1\venv\lib\site-packages\rest_framework\renderers.py", line 723, in render
    template = loader.get_template(self.template)
  File "D:\python\djangoProject1\venv\lib\site-packages\django\template\loader.py", line 19, in get_template
    raise TemplateDoesNotExist(template_name, chain=chain)
django.template.exceptions.TemplateDoesNotExist: rest_framework/api.html
ERROR:django.request:Internal Server Error: /menu/companies_json
Traceback (most recent call last):
  File "D:\python\djangoProject1\venv\lib\site-packages\django\core\handlers\exception.py", line 47, in inner
    response = get_response(request)
  File "D:\python\djangoProject1\venv\lib\site-packages\django\core\handlers\base.py", line 204, in _get_response
    response = response.render()
  File "D:\python\djangoProject1\venv\lib\site-packages\django\template\response.py", line 105, in render
    self.content = self.rendered_content
  File "D:\python\djangoProject1\venv\lib\site-packages\rest_framework\response.py", line 70, in rendered_content
    ret = renderer.render(self.data, accepted_media_type, context)
  File "D:\python\djangoProject1\venv\lib\site-packages\rest_framework\renderers.py", line 723, in render
    template = loader.get_template(self.template)
  File "D:\python\djangoProject1\venv\lib\site-packages\django\template\loader.py", line 19, in get_template
    raise TemplateDoesNotExist(template_name, chain=chain)
django.template.exceptions.TemplateDoesNotExist: rest_framework/api.html
WARNING:django.request:Not Found: /menu/companies_json/
ERROR:django.request:Internal Server Error: /menu/companies_json
Traceback (most recent call last):
  File "D:\python\djangoProject1\venv\lib\site-packages\django\core\handlers\exception.py", line 47, in inner
    response = get_response(request)
  File "D:\python\djangoProject1\venv\lib\site-packages\django\core\handlers\base.py", line 204, in _get_response
    response = response.render()
  File "D:\python\djangoProject1\venv\lib\site-packages\django\template\response.py", line 105, in render
    self.content = self.rendered_content
  File "D:\python\djangoProject1\venv\lib\site-packages\rest_framework\response.py", line 70, in rendered_content
    ret = renderer.render(self.data, accepted_media_type, context)
  File "D:\python\djangoProject1\venv\lib\site-packages\rest_framework\renderers.py", line 723, in render
    template = loader.get_template(self.template)
  File "D:\python\djangoProject1\venv\lib\site-packages\django\template\loader.py", line 19, in get_template
    raise TemplateDoesNotExist(template_name, chain=chain)
django.template.exceptions.TemplateDoesNotExist: rest_framework/api.html
INFO:django.utils.autoreload:D:\python\djangoProject1\newspapers\views.py changed, reloading.
INFO:django.utils.autoreload:D:\python\djangoProject1\djangoProject1\settings.py changed, reloading.
INFO:django.utils.autoreload:D:\python\djangoProject1\djangoProject1\settings.py changed, reloading.
INFO:django.utils.autoreload:D:\python\djangoProject1\newspapers\serializers.py changed, reloading.
INFO:django.utils.autoreload:D:\python\djangoProject1\newspapers\urls.py changed, reloading.
ERROR:django.request:Internal Server Error: /menu/companies_json/mtc
Traceback (most recent call last):
  File "D:\python\djangoProject1\venv\lib\site-packages\rest_framework\fields.py", line 457, in get_attribute
    return get_attribute(instance, self.source_attrs)
  File "D:\python\djangoProject1\venv\lib\site-packages\rest_framework\fields.py", line 97, in get_attribute
    instance = getattr(instance, attr)
AttributeError: 'str' object has no attribute 'name'

During handling of the above exception, another exception occurred:

Traceback (most recent call last):
  File "D:\python\djangoProject1\venv\lib\site-packages\django\core\handlers\exception.py", line 47, in inner
    response = get_response(request)
  File "D:\python\djangoProject1\venv\lib\site-packages\django\core\handlers\base.py", line 181, in _get_response
    response = wrapped_callback(request, *callback_args, **callback_kwargs)
  File "D:\python\djangoProject1\venv\lib\site-packages\django\views\decorators\csrf.py", line 54, in wrapped_view
    return view_func(*args, **kwargs)
  File "D:\python\djangoProject1\venv\lib\site-packages\django\views\generic\base.py", line 70, in view
    return self.dispatch(request, *args, **kwargs)
  File "D:\python\djangoProject1\venv\lib\site-packages\rest_framework\views.py", line 509, in dispatch
    response = self.handle_exception(exc)
  File "D:\python\djangoProject1\venv\lib\site-packages\rest_framework\views.py", line 469, in handle_exception
    self.raise_uncaught_exception(exc)
  File "D:\python\djangoProject1\venv\lib\site-packages\rest_framework\views.py", line 480, in raise_uncaught_exception
    raise exc
  File "D:\python\djangoProject1\venv\lib\site-packages\rest_framework\views.py", line 506, in dispatch
    response = handler(request, *args, **kwargs)
  File "D:\python\djangoProject1\newspapers\views.py", line 195, in get
    return Response(serializer.data)
  File "D:\python\djangoProject1\venv\lib\site-packages\rest_framework\serializers.py", line 548, in data
    ret = super().data
  File "D:\python\djangoProject1\venv\lib\site-packages\rest_framework\serializers.py", line 246, in data
    self._data = self.to_representation(self.instance)
  File "D:\python\djangoProject1\venv\lib\site-packages\rest_framework\serializers.py", line 502, in to_representation
    attribute = field.get_attribute(instance)
  File "D:\python\djangoProject1\venv\lib\site-packages\rest_framework\fields.py", line 490, in get_attribute
    raise type(exc)(msg)
AttributeError: Got AttributeError when attempting to get a value for field `name` on serializer `serializóConcreteCompany`.
The serializer field might be named incorrectly and not match any attribute or key on the `str` instance.
Original exception text was: 'str' object has no attribute 'name'.
INFO:django.utils.autoreload:D:\python\djangoProject1\newspapers\serializers.py changed, reloading.
INFO:django.utils.autoreload:D:\python\djangoProject1\newspapers\views.py changed, reloading.
INFO:django.utils.autoreload:D:\python\djangoProject1\newspapers\views.py changed, reloading.
INFO:django.utils.autoreload:D:\python\djangoProject1\newspapers\serializers.py changed, reloading.
INFO:django.utils.autoreload:D:\python\djangoProject1\newspapers\serializers.py changed, reloading.
INFO:django.utils.autoreload:D:\python\djangoProject1\newspapers\serializers.py changed, reloading.
INFO:django.utils.autoreload:D:\python\djangoProject1\newspapers\serializers.py changed, reloading.
INFO:django.utils.autoreload:D:\python\djangoProject1\newspapers\serializers.py changed, reloading.
INFO:django.utils.autoreload:D:\python\djangoProject1\newspapers\serializers.py changed, reloading.
WARNING:django.request:Not Found: /favicon.ico
INFO:django.utils.autoreload:D:\python\djangoProject1\newspapers\urls.py changed, reloading.
INFO:django.utils.autoreload:D:\python\djangoProject1\newspapers\urls.py changed, reloading.
INFO:django.utils.autoreload:D:\python\djangoProject1\newspapers\models.py changed, reloading.
INFO:django.utils.autoreload:D:\python\djangoProject1\newspapers\models.py changed, reloading.
INFO:django.utils.autoreload:D:\python\djangoProject1\newspapers\urls.py changed, reloading.
INFO:django.utils.autoreload:D:\python\djangoProject1\newspapers\urls.py changed, reloading.
INFO:django.utils.autoreload:D:\python\djangoProject1\newspapers\serializers.py changed, reloading.
INFO:django.utils.autoreload:D:\python\djangoProject1\newspapers\serializers.py changed, reloading.
INFO:django.utils.autoreload:D:\python\djangoProject1\newspapers\serializers.py changed, reloading.
INFO:django.utils.autoreload:D:\python\djangoProject1\newspapers\views.py changed, reloading.
ERROR:django.request:Internal Server Error: /menu/workers_json
Traceback (most recent call last):
  File "D:\python\djangoProject1\venv\lib\site-packages\django\db\backends\utils.py", line 84, in _execute
    return self.cursor.execute(sql, params)
  File "D:\python\djangoProject1\venv\lib\site-packages\django\db\backends\sqlite3\base.py", line 413, in execute
    return Database.Cursor.execute(self, query, params)
sqlite3.IntegrityError: NOT NULL constraint failed: newspapers_worker.company_id

The above exception was the direct cause of the following exception:

Traceback (most recent call last):
  File "D:\python\djangoProject1\venv\lib\site-packages\django\core\handlers\exception.py", line 47, in inner
    response = get_response(request)
  File "D:\python\djangoProject1\venv\lib\site-packages\django\core\handlers\base.py", line 181, in _get_response
    response = wrapped_callback(request, *callback_args, **callback_kwargs)
  File "D:\python\djangoProject1\venv\lib\site-packages\django\views\decorators\csrf.py", line 54, in wrapped_view
    return view_func(*args, **kwargs)
  File "D:\python\djangoProject1\venv\lib\site-packages\django\views\generic\base.py", line 70, in view
    return self.dispatch(request, *args, **kwargs)
  File "D:\python\djangoProject1\venv\lib\site-packages\rest_framework\views.py", line 509, in dispatch
    response = self.handle_exception(exc)
  File "D:\python\djangoProject1\venv\lib\site-packages\rest_framework\views.py", line 469, in handle_exception
    self.raise_uncaught_exception(exc)
  File "D:\python\djangoProject1\venv\lib\site-packages\rest_framework\views.py", line 480, in raise_uncaught_exception
    raise exc
  File "D:\python\djangoProject1\venv\lib\site-packages\rest_framework\views.py", line 506, in dispatch
    response = handler(request, *args, **kwargs)
  File "D:\python\djangoProject1\newspapers\views.py", line 217, in post
    temp.save()
  File "D:\python\djangoProject1\venv\lib\site-packages\rest_framework\serializers.py", line 205, in save
    self.instance = self.create(validated_data)
  File "D:\python\djangoProject1\venv\lib\site-packages\rest_framework\serializers.py", line 939, in create
    instance = ModelClass._default_manager.create(**validated_data)
  File "D:\python\djangoProject1\venv\lib\site-packages\django\db\models\manager.py", line 85, in manager_method
    return getattr(self.get_queryset(), name)(*args, **kwargs)
  File "D:\python\djangoProject1\venv\lib\site-packages\django\db\models\query.py", line 447, in create
    obj.save(force_insert=True, using=self.db)
  File "D:\python\djangoProject1\venv\lib\site-packages\django\db\models\base.py", line 753, in save
    self.save_base(using=using, force_insert=force_insert,
  File "D:\python\djangoProject1\venv\lib\site-packages\django\db\models\base.py", line 790, in save_base
    updated = self._save_table(
  File "D:\python\djangoProject1\venv\lib\site-packages\django\db\models\base.py", line 895, in _save_table
    results = self._do_insert(cls._base_manager, using, fields, returning_fields, raw)
  File "D:\python\djangoProject1\venv\lib\site-packages\django\db\models\base.py", line 933, in _do_insert
    return manager._insert(
  File "D:\python\djangoProject1\venv\lib\site-packages\django\db\models\manager.py", line 85, in manager_method
    return getattr(self.get_queryset(), name)(*args, **kwargs)
  File "D:\python\djangoProject1\venv\lib\site-packages\django\db\models\query.py", line 1254, in _insert
    return query.get_compiler(using=using).execute_sql(returning_fields)
  File "D:\python\djangoProject1\venv\lib\site-packages\django\db\models\sql\compiler.py", line 1397, in execute_sql
    cursor.execute(sql, params)
  File "D:\python\djangoProject1\venv\lib\site-packages\django\db\backends\utils.py", line 98, in execute
    return super().execute(sql, params)
  File "D:\python\djangoProject1\venv\lib\site-packages\django\db\backends\utils.py", line 66, in execute
    return self._execute_with_wrappers(sql, params, many=False, executor=self._execute)
  File "D:\python\djangoProject1\venv\lib\site-packages\django\db\backends\utils.py", line 75, in _execute_with_wrappers
    return executor(sql, params, many, context)
  File "D:\python\djangoProject1\venv\lib\site-packages\django\db\backends\utils.py", line 84, in _execute
    return self.cursor.execute(sql, params)
  File "D:\python\djangoProject1\venv\lib\site-packages\django\db\utils.py", line 90, in __exit__
    raise dj_exc_value.with_traceback(traceback) from exc_value
  File "D:\python\djangoProject1\venv\lib\site-packages\django\db\backends\utils.py", line 84, in _execute
    return self.cursor.execute(sql, params)
  File "D:\python\djangoProject1\venv\lib\site-packages\django\db\backends\sqlite3\base.py", line 413, in execute
    return Database.Cursor.execute(self, query, params)
django.db.utils.IntegrityError: NOT NULL constraint failed: newspapers_worker.company_id
ERROR:django.request:Internal Server Error: /menu/workers_json
Traceback (most recent call last):
  File "D:\python\djangoProject1\venv\lib\site-packages\django\db\backends\utils.py", line 84, in _execute
    return self.cursor.execute(sql, params)
  File "D:\python\djangoProject1\venv\lib\site-packages\django\db\backends\sqlite3\base.py", line 413, in execute
    return Database.Cursor.execute(self, query, params)
sqlite3.IntegrityError: NOT NULL constraint failed: newspapers_worker.company_id

The above exception was the direct cause of the following exception:

Traceback (most recent call last):
  File "D:\python\djangoProject1\venv\lib\site-packages\django\core\handlers\exception.py", line 47, in inner
    response = get_response(request)
  File "D:\python\djangoProject1\venv\lib\site-packages\django\core\handlers\base.py", line 181, in _get_response
    response = wrapped_callback(request, *callback_args, **callback_kwargs)
  File "D:\python\djangoProject1\venv\lib\site-packages\django\views\decorators\csrf.py", line 54, in wrapped_view
    return view_func(*args, **kwargs)
  File "D:\python\djangoProject1\venv\lib\site-packages\django\views\generic\base.py", line 70, in view
    return self.dispatch(request, *args, **kwargs)
  File "D:\python\djangoProject1\venv\lib\site-packages\rest_framework\views.py", line 509, in dispatch
    response = self.handle_exception(exc)
  File "D:\python\djangoProject1\venv\lib\site-packages\rest_framework\views.py", line 469, in handle_exception
    self.raise_uncaught_exception(exc)
  File "D:\python\djangoProject1\venv\lib\site-packages\rest_framework\views.py", line 480, in raise_uncaught_exception
    raise exc
  File "D:\python\djangoProject1\venv\lib\site-packages\rest_framework\views.py", line 506, in dispatch
    response = handler(request, *args, **kwargs)
  File "D:\python\djangoProject1\newspapers\views.py", line 217, in post
    temp.save()
  File "D:\python\djangoProject1\venv\lib\site-packages\rest_framework\serializers.py", line 205, in save
    self.instance = self.create(validated_data)
  File "D:\python\djangoProject1\venv\lib\site-packages\rest_framework\serializers.py", line 939, in create
    instance = ModelClass._default_manager.create(**validated_data)
  File "D:\python\djangoProject1\venv\lib\site-packages\django\db\models\manager.py", line 85, in manager_method
    return getattr(self.get_queryset(), name)(*args, **kwargs)
  File "D:\python\djangoProject1\venv\lib\site-packages\django\db\models\query.py", line 447, in create
    obj.save(force_insert=True, using=self.db)
  File "D:\python\djangoProject1\venv\lib\site-packages\django\db\models\base.py", line 753, in save
    self.save_base(using=using, force_insert=force_insert,
  File "D:\python\djangoProject1\venv\lib\site-packages\django\db\models\base.py", line 790, in save_base
    updated = self._save_table(
  File "D:\python\djangoProject1\venv\lib\site-packages\django\db\models\base.py", line 895, in _save_table
    results = self._do_insert(cls._base_manager, using, fields, returning_fields, raw)
  File "D:\python\djangoProject1\venv\lib\site-packages\django\db\models\base.py", line 933, in _do_insert
    return manager._insert(
  File "D:\python\djangoProject1\venv\lib\site-packages\django\db\models\manager.py", line 85, in manager_method
    return getattr(self.get_queryset(), name)(*args, **kwargs)
  File "D:\python\djangoProject1\venv\lib\site-packages\django\db\models\query.py", line 1254, in _insert
    return query.get_compiler(using=using).execute_sql(returning_fields)
  File "D:\python\djangoProject1\venv\lib\site-packages\django\db\models\sql\compiler.py", line 1397, in execute_sql
    cursor.execute(sql, params)
  File "D:\python\djangoProject1\venv\lib\site-packages\django\db\backends\utils.py", line 98, in execute
    return super().execute(sql, params)
  File "D:\python\djangoProject1\venv\lib\site-packages\django\db\backends\utils.py", line 66, in execute
    return self._execute_with_wrappers(sql, params, many=False, executor=self._execute)
  File "D:\python\djangoProject1\venv\lib\site-packages\django\db\backends\utils.py", line 75, in _execute_with_wrappers
    return executor(sql, params, many, context)
  File "D:\python\djangoProject1\venv\lib\site-packages\django\db\backends\utils.py", line 84, in _execute
    return self.cursor.execute(sql, params)
  File "D:\python\djangoProject1\venv\lib\site-packages\django\db\utils.py", line 90, in __exit__
    raise dj_exc_value.with_traceback(traceback) from exc_value
  File "D:\python\djangoProject1\venv\lib\site-packages\django\db\backends\utils.py", line 84, in _execute
    return self.cursor.execute(sql, params)
  File "D:\python\djangoProject1\venv\lib\site-packages\django\db\backends\sqlite3\base.py", line 413, in execute
    return Database.Cursor.execute(self, query, params)
django.db.utils.IntegrityError: NOT NULL constraint failed: newspapers_worker.company_id
ERROR:django.request:Internal Server Error: /menu/workers_json
Traceback (most recent call last):
  File "D:\python\djangoProject1\venv\lib\site-packages\django\db\backends\utils.py", line 84, in _execute
    return self.cursor.execute(sql, params)
  File "D:\python\djangoProject1\venv\lib\site-packages\django\db\backends\sqlite3\base.py", line 413, in execute
    return Database.Cursor.execute(self, query, params)
sqlite3.IntegrityError: NOT NULL constraint failed: newspapers_worker.company_id

The above exception was the direct cause of the following exception:

Traceback (most recent call last):
  File "D:\python\djangoProject1\venv\lib\site-packages\django\core\handlers\exception.py", line 47, in inner
    response = get_response(request)
  File "D:\python\djangoProject1\venv\lib\site-packages\django\core\handlers\base.py", line 181, in _get_response
    response = wrapped_callback(request, *callback_args, **callback_kwargs)
  File "D:\python\djangoProject1\venv\lib\site-packages\django\views\decorators\csrf.py", line 54, in wrapped_view
    return view_func(*args, **kwargs)
  File "D:\python\djangoProject1\venv\lib\site-packages\django\views\generic\base.py", line 70, in view
    return self.dispatch(request, *args, **kwargs)
  File "D:\python\djangoProject1\venv\lib\site-packages\rest_framework\views.py", line 509, in dispatch
    response = self.handle_exception(exc)
  File "D:\python\djangoProject1\venv\lib\site-packages\rest_framework\views.py", line 469, in handle_exception
    self.raise_uncaught_exception(exc)
  File "D:\python\djangoProject1\venv\lib\site-packages\rest_framework\views.py", line 480, in raise_uncaught_exception
    raise exc
  File "D:\python\djangoProject1\venv\lib\site-packages\rest_framework\views.py", line 506, in dispatch
    response = handler(request, *args, **kwargs)
  File "D:\python\djangoProject1\newspapers\views.py", line 217, in post
    temp.save()
  File "D:\python\djangoProject1\venv\lib\site-packages\rest_framework\serializers.py", line 205, in save
    self.instance = self.create(validated_data)
  File "D:\python\djangoProject1\venv\lib\site-packages\rest_framework\serializers.py", line 939, in create
    instance = ModelClass._default_manager.create(**validated_data)
  File "D:\python\djangoProject1\venv\lib\site-packages\django\db\models\manager.py", line 85, in manager_method
    return getattr(self.get_queryset(), name)(*args, **kwargs)
  File "D:\python\djangoProject1\venv\lib\site-packages\django\db\models\query.py", line 447, in create
    obj.save(force_insert=True, using=self.db)
  File "D:\python\djangoProject1\venv\lib\site-packages\django\db\models\base.py", line 753, in save
    self.save_base(using=using, force_insert=force_insert,
  File "D:\python\djangoProject1\venv\lib\site-packages\django\db\models\base.py", line 790, in save_base
    updated = self._save_table(
  File "D:\python\djangoProject1\venv\lib\site-packages\django\db\models\base.py", line 895, in _save_table
    results = self._do_insert(cls._base_manager, using, fields, returning_fields, raw)
  File "D:\python\djangoProject1\venv\lib\site-packages\django\db\models\base.py", line 933, in _do_insert
    return manager._insert(
  File "D:\python\djangoProject1\venv\lib\site-packages\django\db\models\manager.py", line 85, in manager_method
    return getattr(self.get_queryset(), name)(*args, **kwargs)
  File "D:\python\djangoProject1\venv\lib\site-packages\django\db\models\query.py", line 1254, in _insert
    return query.get_compiler(using=using).execute_sql(returning_fields)
  File "D:\python\djangoProject1\venv\lib\site-packages\django\db\models\sql\compiler.py", line 1397, in execute_sql
    cursor.execute(sql, params)
  File "D:\python\djangoProject1\venv\lib\site-packages\django\db\backends\utils.py", line 98, in execute
    return super().execute(sql, params)
  File "D:\python\djangoProject1\venv\lib\site-packages\django\db\backends\utils.py", line 66, in execute
    return self._execute_with_wrappers(sql, params, many=False, executor=self._execute)
  File "D:\python\djangoProject1\venv\lib\site-packages\django\db\backends\utils.py", line 75, in _execute_with_wrappers
    return executor(sql, params, many, context)
  File "D:\python\djangoProject1\venv\lib\site-packages\django\db\backends\utils.py", line 84, in _execute
    return self.cursor.execute(sql, params)
  File "D:\python\djangoProject1\venv\lib\site-packages\django\db\utils.py", line 90, in __exit__
    raise dj_exc_value.with_traceback(traceback) from exc_value
  File "D:\python\djangoProject1\venv\lib\site-packages\django\db\backends\utils.py", line 84, in _execute
    return self.cursor.execute(sql, params)
  File "D:\python\djangoProject1\venv\lib\site-packages\django\db\backends\sqlite3\base.py", line 413, in execute
    return Database.Cursor.execute(self, query, params)
django.db.utils.IntegrityError: NOT NULL constraint failed: newspapers_worker.company_id
ERROR:django.request:Internal Server Error: /menu/workers_json
Traceback (most recent call last):
  File "D:\python\djangoProject1\venv\lib\site-packages\django\db\backends\utils.py", line 84, in _execute
    return self.cursor.execute(sql, params)
  File "D:\python\djangoProject1\venv\lib\site-packages\django\db\backends\sqlite3\base.py", line 413, in execute
    return Database.Cursor.execute(self, query, params)
sqlite3.IntegrityError: NOT NULL constraint failed: newspapers_worker.company_id

The above exception was the direct cause of the following exception:

Traceback (most recent call last):
  File "D:\python\djangoProject1\venv\lib\site-packages\django\core\handlers\exception.py", line 47, in inner
    response = get_response(request)
  File "D:\python\djangoProject1\venv\lib\site-packages\django\core\handlers\base.py", line 181, in _get_response
    response = wrapped_callback(request, *callback_args, **callback_kwargs)
  File "D:\python\djangoProject1\venv\lib\site-packages\django\views\decorators\csrf.py", line 54, in wrapped_view
    return view_func(*args, **kwargs)
  File "D:\python\djangoProject1\venv\lib\site-packages\django\views\generic\base.py", line 70, in view
    return self.dispatch(request, *args, **kwargs)
  File "D:\python\djangoProject1\venv\lib\site-packages\rest_framework\views.py", line 509, in dispatch
    response = self.handle_exception(exc)
  File "D:\python\djangoProject1\venv\lib\site-packages\rest_framework\views.py", line 469, in handle_exception
    self.raise_uncaught_exception(exc)
  File "D:\python\djangoProject1\venv\lib\site-packages\rest_framework\views.py", line 480, in raise_uncaught_exception
    raise exc
  File "D:\python\djangoProject1\venv\lib\site-packages\rest_framework\views.py", line 506, in dispatch
    response = handler(request, *args, **kwargs)
  File "D:\python\djangoProject1\newspapers\views.py", line 217, in post
    temp.save()
  File "D:\python\djangoProject1\venv\lib\site-packages\rest_framework\serializers.py", line 205, in save
    self.instance = self.create(validated_data)
  File "D:\python\djangoProject1\venv\lib\site-packages\rest_framework\serializers.py", line 939, in create
    instance = ModelClass._default_manager.create(**validated_data)
  File "D:\python\djangoProject1\venv\lib\site-packages\django\db\models\manager.py", line 85, in manager_method
    return getattr(self.get_queryset(), name)(*args, **kwargs)
  File "D:\python\djangoProject1\venv\lib\site-packages\django\db\models\query.py", line 447, in create
    obj.save(force_insert=True, using=self.db)
  File "D:\python\djangoProject1\venv\lib\site-packages\django\db\models\base.py", line 753, in save
    self.save_base(using=using, force_insert=force_insert,
  File "D:\python\djangoProject1\venv\lib\site-packages\django\db\models\base.py", line 790, in save_base
    updated = self._save_table(
  File "D:\python\djangoProject1\venv\lib\site-packages\django\db\models\base.py", line 895, in _save_table
    results = self._do_insert(cls._base_manager, using, fields, returning_fields, raw)
  File "D:\python\djangoProject1\venv\lib\site-packages\django\db\models\base.py", line 933, in _do_insert
    return manager._insert(
  File "D:\python\djangoProject1\venv\lib\site-packages\django\db\models\manager.py", line 85, in manager_method
    return getattr(self.get_queryset(), name)(*args, **kwargs)
  File "D:\python\djangoProject1\venv\lib\site-packages\django\db\models\query.py", line 1254, in _insert
    return query.get_compiler(using=using).execute_sql(returning_fields)
  File "D:\python\djangoProject1\venv\lib\site-packages\django\db\models\sql\compiler.py", line 1397, in execute_sql
    cursor.execute(sql, params)
  File "D:\python\djangoProject1\venv\lib\site-packages\django\db\backends\utils.py", line 98, in execute
    return super().execute(sql, params)
  File "D:\python\djangoProject1\venv\lib\site-packages\django\db\backends\utils.py", line 66, in execute
    return self._execute_with_wrappers(sql, params, many=False, executor=self._execute)
  File "D:\python\djangoProject1\venv\lib\site-packages\django\db\backends\utils.py", line 75, in _execute_with_wrappers
    return executor(sql, params, many, context)
  File "D:\python\djangoProject1\venv\lib\site-packages\django\db\backends\utils.py", line 84, in _execute
    return self.cursor.execute(sql, params)
  File "D:\python\djangoProject1\venv\lib\site-packages\django\db\utils.py", line 90, in __exit__
    raise dj_exc_value.with_traceback(traceback) from exc_value
  File "D:\python\djangoProject1\venv\lib\site-packages\django\db\backends\utils.py", line 84, in _execute
    return self.cursor.execute(sql, params)
  File "D:\python\djangoProject1\venv\lib\site-packages\django\db\backends\sqlite3\base.py", line 413, in execute
    return Database.Cursor.execute(self, query, params)
django.db.utils.IntegrityError: NOT NULL constraint failed: newspapers_worker.company_id
ERROR:django.request:Internal Server Error: /menu/workers_json
Traceback (most recent call last):
  File "D:\python\djangoProject1\venv\lib\site-packages\django\db\backends\utils.py", line 84, in _execute
    return self.cursor.execute(sql, params)
  File "D:\python\djangoProject1\venv\lib\site-packages\django\db\backends\sqlite3\base.py", line 413, in execute
    return Database.Cursor.execute(self, query, params)
sqlite3.IntegrityError: NOT NULL constraint failed: newspapers_worker.company_id

The above exception was the direct cause of the following exception:

Traceback (most recent call last):
  File "D:\python\djangoProject1\venv\lib\site-packages\django\core\handlers\exception.py", line 47, in inner
    response = get_response(request)
  File "D:\python\djangoProject1\venv\lib\site-packages\django\core\handlers\base.py", line 181, in _get_response
    response = wrapped_callback(request, *callback_args, **callback_kwargs)
  File "D:\python\djangoProject1\venv\lib\site-packages\django\views\decorators\csrf.py", line 54, in wrapped_view
    return view_func(*args, **kwargs)
  File "D:\python\djangoProject1\venv\lib\site-packages\django\views\generic\base.py", line 70, in view
    return self.dispatch(request, *args, **kwargs)
  File "D:\python\djangoProject1\venv\lib\site-packages\rest_framework\views.py", line 509, in dispatch
    response = self.handle_exception(exc)
  File "D:\python\djangoProject1\venv\lib\site-packages\rest_framework\views.py", line 469, in handle_exception
    self.raise_uncaught_exception(exc)
  File "D:\python\djangoProject1\venv\lib\site-packages\rest_framework\views.py", line 480, in raise_uncaught_exception
    raise exc
  File "D:\python\djangoProject1\venv\lib\site-packages\rest_framework\views.py", line 506, in dispatch
    response = handler(request, *args, **kwargs)
  File "D:\python\djangoProject1\newspapers\views.py", line 217, in post
    temp.save()
  File "D:\python\djangoProject1\venv\lib\site-packages\rest_framework\serializers.py", line 205, in save
    self.instance = self.create(validated_data)
  File "D:\python\djangoProject1\venv\lib\site-packages\rest_framework\serializers.py", line 939, in create
    instance = ModelClass._default_manager.create(**validated_data)
  File "D:\python\djangoProject1\venv\lib\site-packages\django\db\models\manager.py", line 85, in manager_method
    return getattr(self.get_queryset(), name)(*args, **kwargs)
  File "D:\python\djangoProject1\venv\lib\site-packages\django\db\models\query.py", line 447, in create
    obj.save(force_insert=True, using=self.db)
  File "D:\python\djangoProject1\venv\lib\site-packages\django\db\models\base.py", line 753, in save
    self.save_base(using=using, force_insert=force_insert,
  File "D:\python\djangoProject1\venv\lib\site-packages\django\db\models\base.py", line 790, in save_base
    updated = self._save_table(
  File "D:\python\djangoProject1\venv\lib\site-packages\django\db\models\base.py", line 895, in _save_table
    results = self._do_insert(cls._base_manager, using, fields, returning_fields, raw)
  File "D:\python\djangoProject1\venv\lib\site-packages\django\db\models\base.py", line 933, in _do_insert
    return manager._insert(
  File "D:\python\djangoProject1\venv\lib\site-packages\django\db\models\manager.py", line 85, in manager_method
    return getattr(self.get_queryset(), name)(*args, **kwargs)
  File "D:\python\djangoProject1\venv\lib\site-packages\django\db\models\query.py", line 1254, in _insert
    return query.get_compiler(using=using).execute_sql(returning_fields)
  File "D:\python\djangoProject1\venv\lib\site-packages\django\db\models\sql\compiler.py", line 1397, in execute_sql
    cursor.execute(sql, params)
  File "D:\python\djangoProject1\venv\lib\site-packages\django\db\backends\utils.py", line 98, in execute
    return super().execute(sql, params)
  File "D:\python\djangoProject1\venv\lib\site-packages\django\db\backends\utils.py", line 66, in execute
    return self._execute_with_wrappers(sql, params, many=False, executor=self._execute)
  File "D:\python\djangoProject1\venv\lib\site-packages\django\db\backends\utils.py", line 75, in _execute_with_wrappers
    return executor(sql, params, many, context)
  File "D:\python\djangoProject1\venv\lib\site-packages\django\db\backends\utils.py", line 84, in _execute
    return self.cursor.execute(sql, params)
  File "D:\python\djangoProject1\venv\lib\site-packages\django\db\utils.py", line 90, in __exit__
    raise dj_exc_value.with_traceback(traceback) from exc_value
  File "D:\python\djangoProject1\venv\lib\site-packages\django\db\backends\utils.py", line 84, in _execute
    return self.cursor.execute(sql, params)
  File "D:\python\djangoProject1\venv\lib\site-packages\django\db\backends\sqlite3\base.py", line 413, in execute
    return Database.Cursor.execute(self, query, params)
django.db.utils.IntegrityError: NOT NULL constraint failed: newspapers_worker.company_id
ERROR:django.request:Internal Server Error: /menu/workers_json
Traceback (most recent call last):
  File "D:\python\djangoProject1\venv\lib\site-packages\django\db\backends\utils.py", line 84, in _execute
    return self.cursor.execute(sql, params)
  File "D:\python\djangoProject1\venv\lib\site-packages\django\db\backends\sqlite3\base.py", line 413, in execute
    return Database.Cursor.execute(self, query, params)
sqlite3.IntegrityError: NOT NULL constraint failed: newspapers_worker.company_id

The above exception was the direct cause of the following exception:

Traceback (most recent call last):
  File "D:\python\djangoProject1\venv\lib\site-packages\django\core\handlers\exception.py", line 47, in inner
    response = get_response(request)
  File "D:\python\djangoProject1\venv\lib\site-packages\django\core\handlers\base.py", line 181, in _get_response
    response = wrapped_callback(request, *callback_args, **callback_kwargs)
  File "D:\python\djangoProject1\venv\lib\site-packages\django\views\decorators\csrf.py", line 54, in wrapped_view
    return view_func(*args, **kwargs)
  File "D:\python\djangoProject1\venv\lib\site-packages\django\views\generic\base.py", line 70, in view
    return self.dispatch(request, *args, **kwargs)
  File "D:\python\djangoProject1\venv\lib\site-packages\rest_framework\views.py", line 509, in dispatch
    response = self.handle_exception(exc)
  File "D:\python\djangoProject1\venv\lib\site-packages\rest_framework\views.py", line 469, in handle_exception
    self.raise_uncaught_exception(exc)
  File "D:\python\djangoProject1\venv\lib\site-packages\rest_framework\views.py", line 480, in raise_uncaught_exception
    raise exc
  File "D:\python\djangoProject1\venv\lib\site-packages\rest_framework\views.py", line 506, in dispatch
    response = handler(request, *args, **kwargs)
  File "D:\python\djangoProject1\newspapers\views.py", line 217, in post
    temp.save()
  File "D:\python\djangoProject1\venv\lib\site-packages\rest_framework\serializers.py", line 205, in save
    self.instance = self.create(validated_data)
  File "D:\python\djangoProject1\venv\lib\site-packages\rest_framework\serializers.py", line 939, in create
    instance = ModelClass._default_manager.create(**validated_data)
  File "D:\python\djangoProject1\venv\lib\site-packages\django\db\models\manager.py", line 85, in manager_method
    return getattr(self.get_queryset(), name)(*args, **kwargs)
  File "D:\python\djangoProject1\venv\lib\site-packages\django\db\models\query.py", line 447, in create
    obj.save(force_insert=True, using=self.db)
  File "D:\python\djangoProject1\venv\lib\site-packages\django\db\models\base.py", line 753, in save
    self.save_base(using=using, force_insert=force_insert,
  File "D:\python\djangoProject1\venv\lib\site-packages\django\db\models\base.py", line 790, in save_base
    updated = self._save_table(
  File "D:\python\djangoProject1\venv\lib\site-packages\django\db\models\base.py", line 895, in _save_table
    results = self._do_insert(cls._base_manager, using, fields, returning_fields, raw)
  File "D:\python\djangoProject1\venv\lib\site-packages\django\db\models\base.py", line 933, in _do_insert
    return manager._insert(
  File "D:\python\djangoProject1\venv\lib\site-packages\django\db\models\manager.py", line 85, in manager_method
    return getattr(self.get_queryset(), name)(*args, **kwargs)
  File "D:\python\djangoProject1\venv\lib\site-packages\django\db\models\query.py", line 1254, in _insert
    return query.get_compiler(using=using).execute_sql(returning_fields)
  File "D:\python\djangoProject1\venv\lib\site-packages\django\db\models\sql\compiler.py", line 1397, in execute_sql
    cursor.execute(sql, params)
  File "D:\python\djangoProject1\venv\lib\site-packages\django\db\backends\utils.py", line 98, in execute
    return super().execute(sql, params)
  File "D:\python\djangoProject1\venv\lib\site-packages\django\db\backends\utils.py", line 66, in execute
    return self._execute_with_wrappers(sql, params, many=False, executor=self._execute)
  File "D:\python\djangoProject1\venv\lib\site-packages\django\db\backends\utils.py", line 75, in _execute_with_wrappers
    return executor(sql, params, many, context)
  File "D:\python\djangoProject1\venv\lib\site-packages\django\db\backends\utils.py", line 84, in _execute
    return self.cursor.execute(sql, params)
  File "D:\python\djangoProject1\venv\lib\site-packages\django\db\utils.py", line 90, in __exit__
    raise dj_exc_value.with_traceback(traceback) from exc_value
  File "D:\python\djangoProject1\venv\lib\site-packages\django\db\backends\utils.py", line 84, in _execute
    return self.cursor.execute(sql, params)
  File "D:\python\djangoProject1\venv\lib\site-packages\django\db\backends\sqlite3\base.py", line 413, in execute
    return Database.Cursor.execute(self, query, params)
django.db.utils.IntegrityError: NOT NULL constraint failed: newspapers_worker.company_id
ERROR:django.request:Internal Server Error: /menu/workers_json
Traceback (most recent call last):
  File "D:\python\djangoProject1\venv\lib\site-packages\django\db\backends\utils.py", line 84, in _execute
    return self.cursor.execute(sql, params)
  File "D:\python\djangoProject1\venv\lib\site-packages\django\db\backends\sqlite3\base.py", line 413, in execute
    return Database.Cursor.execute(self, query, params)
sqlite3.IntegrityError: NOT NULL constraint failed: newspapers_worker.company_id

The above exception was the direct cause of the following exception:

Traceback (most recent call last):
  File "D:\python\djangoProject1\venv\lib\site-packages\django\core\handlers\exception.py", line 47, in inner
    response = get_response(request)
  File "D:\python\djangoProject1\venv\lib\site-packages\django\core\handlers\base.py", line 181, in _get_response
    response = wrapped_callback(request, *callback_args, **callback_kwargs)
  File "D:\python\djangoProject1\venv\lib\site-packages\django\views\decorators\csrf.py", line 54, in wrapped_view
    return view_func(*args, **kwargs)
  File "D:\python\djangoProject1\venv\lib\site-packages\django\views\generic\base.py", line 70, in view
    return self.dispatch(request, *args, **kwargs)
  File "D:\python\djangoProject1\venv\lib\site-packages\rest_framework\views.py", line 509, in dispatch
    response = self.handle_exception(exc)
  File "D:\python\djangoProject1\venv\lib\site-packages\rest_framework\views.py", line 469, in handle_exception
    self.raise_uncaught_exception(exc)
  File "D:\python\djangoProject1\venv\lib\site-packages\rest_framework\views.py", line 480, in raise_uncaught_exception
    raise exc
  File "D:\python\djangoProject1\venv\lib\site-packages\rest_framework\views.py", line 506, in dispatch
    response = handler(request, *args, **kwargs)
  File "D:\python\djangoProject1\newspapers\views.py", line 217, in post
    temp.save()
  File "D:\python\djangoProject1\venv\lib\site-packages\rest_framework\serializers.py", line 205, in save
    self.instance = self.create(validated_data)
  File "D:\python\djangoProject1\venv\lib\site-packages\rest_framework\serializers.py", line 939, in create
    instance = ModelClass._default_manager.create(**validated_data)
  File "D:\python\djangoProject1\venv\lib\site-packages\django\db\models\manager.py", line 85, in manager_method
    return getattr(self.get_queryset(), name)(*args, **kwargs)
  File "D:\python\djangoProject1\venv\lib\site-packages\django\db\models\query.py", line 447, in create
    obj.save(force_insert=True, using=self.db)
  File "D:\python\djangoProject1\venv\lib\site-packages\django\db\models\base.py", line 753, in save
    self.save_base(using=using, force_insert=force_insert,
  File "D:\python\djangoProject1\venv\lib\site-packages\django\db\models\base.py", line 790, in save_base
    updated = self._save_table(
  File "D:\python\djangoProject1\venv\lib\site-packages\django\db\models\base.py", line 895, in _save_table
    results = self._do_insert(cls._base_manager, using, fields, returning_fields, raw)
  File "D:\python\djangoProject1\venv\lib\site-packages\django\db\models\base.py", line 933, in _do_insert
    return manager._insert(
  File "D:\python\djangoProject1\venv\lib\site-packages\django\db\models\manager.py", line 85, in manager_method
    return getattr(self.get_queryset(), name)(*args, **kwargs)
  File "D:\python\djangoProject1\venv\lib\site-packages\django\db\models\query.py", line 1254, in _insert
    return query.get_compiler(using=using).execute_sql(returning_fields)
  File "D:\python\djangoProject1\venv\lib\site-packages\django\db\models\sql\compiler.py", line 1397, in execute_sql
    cursor.execute(sql, params)
  File "D:\python\djangoProject1\venv\lib\site-packages\django\db\backends\utils.py", line 98, in execute
    return super().execute(sql, params)
  File "D:\python\djangoProject1\venv\lib\site-packages\django\db\backends\utils.py", line 66, in execute
    return self._execute_with_wrappers(sql, params, many=False, executor=self._execute)
  File "D:\python\djangoProject1\venv\lib\site-packages\django\db\backends\utils.py", line 75, in _execute_with_wrappers
    return executor(sql, params, many, context)
  File "D:\python\djangoProject1\venv\lib\site-packages\django\db\backends\utils.py", line 84, in _execute
    return self.cursor.execute(sql, params)
  File "D:\python\djangoProject1\venv\lib\site-packages\django\db\utils.py", line 90, in __exit__
    raise dj_exc_value.with_traceback(traceback) from exc_value
  File "D:\python\djangoProject1\venv\lib\site-packages\django\db\backends\utils.py", line 84, in _execute
    return self.cursor.execute(sql, params)
  File "D:\python\djangoProject1\venv\lib\site-packages\django\db\backends\sqlite3\base.py", line 413, in execute
    return Database.Cursor.execute(self, query, params)
django.db.utils.IntegrityError: NOT NULL constraint failed: newspapers_worker.company_id
ERROR:django.request:Internal Server Error: /menu/workers_json
Traceback (most recent call last):
  File "D:\python\djangoProject1\venv\lib\site-packages\django\db\backends\utils.py", line 84, in _execute
    return self.cursor.execute(sql, params)
  File "D:\python\djangoProject1\venv\lib\site-packages\django\db\backends\sqlite3\base.py", line 413, in execute
    return Database.Cursor.execute(self, query, params)
sqlite3.IntegrityError: NOT NULL constraint failed: newspapers_worker.company_id

The above exception was the direct cause of the following exception:

Traceback (most recent call last):
  File "D:\python\djangoProject1\venv\lib\site-packages\django\core\handlers\exception.py", line 47, in inner
    response = get_response(request)
  File "D:\python\djangoProject1\venv\lib\site-packages\django\core\handlers\base.py", line 181, in _get_response
    response = wrapped_callback(request, *callback_args, **callback_kwargs)
  File "D:\python\djangoProject1\venv\lib\site-packages\django\views\decorators\csrf.py", line 54, in wrapped_view
    return view_func(*args, **kwargs)
  File "D:\python\djangoProject1\venv\lib\site-packages\django\views\generic\base.py", line 70, in view
    return self.dispatch(request, *args, **kwargs)
  File "D:\python\djangoProject1\venv\lib\site-packages\rest_framework\views.py", line 509, in dispatch
    response = self.handle_exception(exc)
  File "D:\python\djangoProject1\venv\lib\site-packages\rest_framework\views.py", line 469, in handle_exception
    self.raise_uncaught_exception(exc)
  File "D:\python\djangoProject1\venv\lib\site-packages\rest_framework\views.py", line 480, in raise_uncaught_exception
    raise exc
  File "D:\python\djangoProject1\venv\lib\site-packages\rest_framework\views.py", line 506, in dispatch
    response = handler(request, *args, **kwargs)
  File "D:\python\djangoProject1\newspapers\views.py", line 217, in post
    temp.save()
  File "D:\python\djangoProject1\venv\lib\site-packages\rest_framework\serializers.py", line 205, in save
    self.instance = self.create(validated_data)
  File "D:\python\djangoProject1\venv\lib\site-packages\rest_framework\serializers.py", line 939, in create
    instance = ModelClass._default_manager.create(**validated_data)
  File "D:\python\djangoProject1\venv\lib\site-packages\django\db\models\manager.py", line 85, in manager_method
    return getattr(self.get_queryset(), name)(*args, **kwargs)
  File "D:\python\djangoProject1\venv\lib\site-packages\django\db\models\query.py", line 447, in create
    obj.save(force_insert=True, using=self.db)
  File "D:\python\djangoProject1\venv\lib\site-packages\django\db\models\base.py", line 753, in save
    self.save_base(using=using, force_insert=force_insert,
  File "D:\python\djangoProject1\venv\lib\site-packages\django\db\models\base.py", line 790, in save_base
    updated = self._save_table(
  File "D:\python\djangoProject1\venv\lib\site-packages\django\db\models\base.py", line 895, in _save_table
    results = self._do_insert(cls._base_manager, using, fields, returning_fields, raw)
  File "D:\python\djangoProject1\venv\lib\site-packages\django\db\models\base.py", line 933, in _do_insert
    return manager._insert(
  File "D:\python\djangoProject1\venv\lib\site-packages\django\db\models\manager.py", line 85, in manager_method
    return getattr(self.get_queryset(), name)(*args, **kwargs)
  File "D:\python\djangoProject1\venv\lib\site-packages\django\db\models\query.py", line 1254, in _insert
    return query.get_compiler(using=using).execute_sql(returning_fields)
  File "D:\python\djangoProject1\venv\lib\site-packages\django\db\models\sql\compiler.py", line 1397, in execute_sql
    cursor.execute(sql, params)
  File "D:\python\djangoProject1\venv\lib\site-packages\django\db\backends\utils.py", line 98, in execute
    return super().execute(sql, params)
  File "D:\python\djangoProject1\venv\lib\site-packages\django\db\backends\utils.py", line 66, in execute
    return self._execute_with_wrappers(sql, params, many=False, executor=self._execute)
  File "D:\python\djangoProject1\venv\lib\site-packages\django\db\backends\utils.py", line 75, in _execute_with_wrappers
    return executor(sql, params, many, context)
  File "D:\python\djangoProject1\venv\lib\site-packages\django\db\backends\utils.py", line 84, in _execute
    return self.cursor.execute(sql, params)
  File "D:\python\djangoProject1\venv\lib\site-packages\django\db\utils.py", line 90, in __exit__
    raise dj_exc_value.with_traceback(traceback) from exc_value
  File "D:\python\djangoProject1\venv\lib\site-packages\django\db\backends\utils.py", line 84, in _execute
    return self.cursor.execute(sql, params)
  File "D:\python\djangoProject1\venv\lib\site-packages\django\db\backends\sqlite3\base.py", line 413, in execute
    return Database.Cursor.execute(self, query, params)
django.db.utils.IntegrityError: NOT NULL constraint failed: newspapers_worker.company_id
INFO:django.utils.autoreload:D:\python\djangoProject1\newspapers\serializers.py changed, reloading.
INFO:django.utils.autoreload:D:\python\djangoProject1\newspapers\serializers.py changed, reloading.
ERROR:django.request:Internal Server Error: /menu/workers_json
Traceback (most recent call last):
  File "D:\python\djangoProject1\venv\lib\site-packages\django\db\backends\utils.py", line 84, in _execute
    return self.cursor.execute(sql, params)
  File "D:\python\djangoProject1\venv\lib\site-packages\django\db\backends\sqlite3\base.py", line 413, in execute
    return Database.Cursor.execute(self, query, params)
sqlite3.IntegrityError: NOT NULL constraint failed: newspapers_worker.company_id

The above exception was the direct cause of the following exception:

Traceback (most recent call last):
  File "D:\python\djangoProject1\venv\lib\site-packages\django\core\handlers\exception.py", line 47, in inner
    response = get_response(request)
  File "D:\python\djangoProject1\venv\lib\site-packages\django\core\handlers\base.py", line 181, in _get_response
    response = wrapped_callback(request, *callback_args, **callback_kwargs)
  File "D:\python\djangoProject1\venv\lib\site-packages\django\views\decorators\csrf.py", line 54, in wrapped_view
    return view_func(*args, **kwargs)
  File "D:\python\djangoProject1\venv\lib\site-packages\django\views\generic\base.py", line 70, in view
    return self.dispatch(request, *args, **kwargs)
  File "D:\python\djangoProject1\venv\lib\site-packages\rest_framework\views.py", line 509, in dispatch
    response = self.handle_exception(exc)
  File "D:\python\djangoProject1\venv\lib\site-packages\rest_framework\views.py", line 469, in handle_exception
    self.raise_uncaught_exception(exc)
  File "D:\python\djangoProject1\venv\lib\site-packages\rest_framework\views.py", line 480, in raise_uncaught_exception
    raise exc
  File "D:\python\djangoProject1\venv\lib\site-packages\rest_framework\views.py", line 506, in dispatch
    response = handler(request, *args, **kwargs)
  File "D:\python\djangoProject1\newspapers\views.py", line 217, in post
    temp.save()
  File "D:\python\djangoProject1\venv\lib\site-packages\rest_framework\serializers.py", line 205, in save
    self.instance = self.create(validated_data)
  File "D:\python\djangoProject1\venv\lib\site-packages\rest_framework\serializers.py", line 939, in create
    instance = ModelClass._default_manager.create(**validated_data)
  File "D:\python\djangoProject1\venv\lib\site-packages\django\db\models\manager.py", line 85, in manager_method
    return getattr(self.get_queryset(), name)(*args, **kwargs)
  File "D:\python\djangoProject1\venv\lib\site-packages\django\db\models\query.py", line 447, in create
    obj.save(force_insert=True, using=self.db)
  File "D:\python\djangoProject1\venv\lib\site-packages\django\db\models\base.py", line 753, in save
    self.save_base(using=using, force_insert=force_insert,
  File "D:\python\djangoProject1\venv\lib\site-packages\django\db\models\base.py", line 790, in save_base
    updated = self._save_table(
  File "D:\python\djangoProject1\venv\lib\site-packages\django\db\models\base.py", line 895, in _save_table
    results = self._do_insert(cls._base_manager, using, fields, returning_fields, raw)
  File "D:\python\djangoProject1\venv\lib\site-packages\django\db\models\base.py", line 933, in _do_insert
    return manager._insert(
  File "D:\python\djangoProject1\venv\lib\site-packages\django\db\models\manager.py", line 85, in manager_method
    return getattr(self.get_queryset(), name)(*args, **kwargs)
  File "D:\python\djangoProject1\venv\lib\site-packages\django\db\models\query.py", line 1254, in _insert
    return query.get_compiler(using=using).execute_sql(returning_fields)
  File "D:\python\djangoProject1\venv\lib\site-packages\django\db\models\sql\compiler.py", line 1397, in execute_sql
    cursor.execute(sql, params)
  File "D:\python\djangoProject1\venv\lib\site-packages\django\db\backends\utils.py", line 98, in execute
    return super().execute(sql, params)
  File "D:\python\djangoProject1\venv\lib\site-packages\django\db\backends\utils.py", line 66, in execute
    return self._execute_with_wrappers(sql, params, many=False, executor=self._execute)
  File "D:\python\djangoProject1\venv\lib\site-packages\django\db\backends\utils.py", line 75, in _execute_with_wrappers
    return executor(sql, params, many, context)
  File "D:\python\djangoProject1\venv\lib\site-packages\django\db\backends\utils.py", line 84, in _execute
    return self.cursor.execute(sql, params)
  File "D:\python\djangoProject1\venv\lib\site-packages\django\db\utils.py", line 90, in __exit__
    raise dj_exc_value.with_traceback(traceback) from exc_value
  File "D:\python\djangoProject1\venv\lib\site-packages\django\db\backends\utils.py", line 84, in _execute
    return self.cursor.execute(sql, params)
  File "D:\python\djangoProject1\venv\lib\site-packages\django\db\backends\sqlite3\base.py", line 413, in execute
    return Database.Cursor.execute(self, query, params)
django.db.utils.IntegrityError: NOT NULL constraint failed: newspapers_worker.company_id
ERROR:django.request:Internal Server Error: /menu/workers_json
Traceback (most recent call last):
  File "D:\python\djangoProject1\venv\lib\site-packages\django\db\backends\utils.py", line 84, in _execute
    return self.cursor.execute(sql, params)
  File "D:\python\djangoProject1\venv\lib\site-packages\django\db\backends\sqlite3\base.py", line 413, in execute
    return Database.Cursor.execute(self, query, params)
sqlite3.IntegrityError: NOT NULL constraint failed: newspapers_worker.company_id

The above exception was the direct cause of the following exception:

Traceback (most recent call last):
  File "D:\python\djangoProject1\venv\lib\site-packages\django\core\handlers\exception.py", line 47, in inner
    response = get_response(request)
  File "D:\python\djangoProject1\venv\lib\site-packages\django\core\handlers\base.py", line 181, in _get_response
    response = wrapped_callback(request, *callback_args, **callback_kwargs)
  File "D:\python\djangoProject1\venv\lib\site-packages\django\views\decorators\csrf.py", line 54, in wrapped_view
    return view_func(*args, **kwargs)
  File "D:\python\djangoProject1\venv\lib\site-packages\django\views\generic\base.py", line 70, in view
    return self.dispatch(request, *args, **kwargs)
  File "D:\python\djangoProject1\venv\lib\site-packages\rest_framework\views.py", line 509, in dispatch
    response = self.handle_exception(exc)
  File "D:\python\djangoProject1\venv\lib\site-packages\rest_framework\views.py", line 469, in handle_exception
    self.raise_uncaught_exception(exc)
  File "D:\python\djangoProject1\venv\lib\site-packages\rest_framework\views.py", line 480, in raise_uncaught_exception
    raise exc
  File "D:\python\djangoProject1\venv\lib\site-packages\rest_framework\views.py", line 506, in dispatch
    response = handler(request, *args, **kwargs)
  File "D:\python\djangoProject1\newspapers\views.py", line 217, in post
    temp.save()
  File "D:\python\djangoProject1\venv\lib\site-packages\rest_framework\serializers.py", line 205, in save
    self.instance = self.create(validated_data)
  File "D:\python\djangoProject1\venv\lib\site-packages\rest_framework\serializers.py", line 939, in create
    instance = ModelClass._default_manager.create(**validated_data)
  File "D:\python\djangoProject1\venv\lib\site-packages\django\db\models\manager.py", line 85, in manager_method
    return getattr(self.get_queryset(), name)(*args, **kwargs)
  File "D:\python\djangoProject1\venv\lib\site-packages\django\db\models\query.py", line 447, in create
    obj.save(force_insert=True, using=self.db)
  File "D:\python\djangoProject1\venv\lib\site-packages\django\db\models\base.py", line 753, in save
    self.save_base(using=using, force_insert=force_insert,
  File "D:\python\djangoProject1\venv\lib\site-packages\django\db\models\base.py", line 790, in save_base
    updated = self._save_table(
  File "D:\python\djangoProject1\venv\lib\site-packages\django\db\models\base.py", line 895, in _save_table
    results = self._do_insert(cls._base_manager, using, fields, returning_fields, raw)
  File "D:\python\djangoProject1\venv\lib\site-packages\django\db\models\base.py", line 933, in _do_insert
    return manager._insert(
  File "D:\python\djangoProject1\venv\lib\site-packages\django\db\models\manager.py", line 85, in manager_method
    return getattr(self.get_queryset(), name)(*args, **kwargs)
  File "D:\python\djangoProject1\venv\lib\site-packages\django\db\models\query.py", line 1254, in _insert
    return query.get_compiler(using=using).execute_sql(returning_fields)
  File "D:\python\djangoProject1\venv\lib\site-packages\django\db\models\sql\compiler.py", line 1397, in execute_sql
    cursor.execute(sql, params)
  File "D:\python\djangoProject1\venv\lib\site-packages\django\db\backends\utils.py", line 98, in execute
    return super().execute(sql, params)
  File "D:\python\djangoProject1\venv\lib\site-packages\django\db\backends\utils.py", line 66, in execute
    return self._execute_with_wrappers(sql, params, many=False, executor=self._execute)
  File "D:\python\djangoProject1\venv\lib\site-packages\django\db\backends\utils.py", line 75, in _execute_with_wrappers
    return executor(sql, params, many, context)
  File "D:\python\djangoProject1\venv\lib\site-packages\django\db\backends\utils.py", line 84, in _execute
    return self.cursor.execute(sql, params)
  File "D:\python\djangoProject1\venv\lib\site-packages\django\db\utils.py", line 90, in __exit__
    raise dj_exc_value.with_traceback(traceback) from exc_value
  File "D:\python\djangoProject1\venv\lib\site-packages\django\db\backends\utils.py", line 84, in _execute
    return self.cursor.execute(sql, params)
  File "D:\python\djangoProject1\venv\lib\site-packages\django\db\backends\sqlite3\base.py", line 413, in execute
    return Database.Cursor.execute(self, query, params)
django.db.utils.IntegrityError: NOT NULL constraint failed: newspapers_worker.company_id
INFO:django.utils.autoreload:D:\python\djangoProject1\newspapers\serializers.py changed, reloading.
WARNING:django.request:Not Found: /menu/workers_JS
WARNING:django.request:Not Found: /menu/workers_s
WARNING:django.request:Not Found: /menu/companies
INFO:django.utils.autoreload:D:\python\djangoProject1\newspapers\urls.py changed, reloading.
INFO:django.utils.autoreload:D:\python\djangoProject1\newspapers\urls.py changed, reloading.
INFO:django.utils.autoreload:D:\python\djangoProject1\newspapers\urls.py changed, reloading.
INFO:root:Delete type Êîìèêñ
INFO:django.utils.autoreload:D:\python\djangoProject1\newspapers\serializers.py changed, reloading.
INFO:django.utils.autoreload:D:\python\djangoProject1\newspapers\urls.py changed, reloading.
INFO:django.utils.autoreload:D:\python\djangoProject1\newspapers\models.py changed, reloading.
INFO:django.utils.autoreload:D:\python\djangoProject1\newspapers\serializers.py changed, reloading.
INFO:django.utils.autoreload:D:\python\djangoProject1\newspapers\models.py changed, reloading.
INFO:django.utils.autoreload:D:\python\djangoProject1\newspapers\serializers.py changed, reloading.
INFO:django.utils.autoreload:D:\python\djangoProject1\newspapers\serializers.py changed, reloading.
WARNING:django.request:Not Found: /favicon.ico
WARNING:django.request:Not Found: /menu/workers_json
WARNING:django.request:Unsupported Media Type: /menu/workers_json
WARNING:django.request:Not Found: /menu/workers_json
WARNING:django.request:Not Found: /menu/workers_json
WARNING:django.request:Not Found: /menu/workers_json
WARNING:django.request:Not Found: /menu/workers_json
WARNING:django.request:Not Found: /menu/companies_json
WARNING:django.request:Not Found: /menu/companies_json
WARNING:django.request:Not Found: /menu/companies_json
INFO:django.utils.autoreload:D:\python\djangoProject1\newspapers\views.py changed, reloading.
INFO:django.utils.autoreload:D:\python\djangoProject1\newspapers\serializers.py changed, reloading.
INFO:django.utils.autoreload:D:\python\djangoProject1\newspapers\serializers.py changed, reloading.
INFO:django.utils.autoreload:D:\python\djangoProject1\newspapers\serializers.py changed, reloading.
INFO:django.utils.autoreload:D:\python\djangoProject1\newspapers\serializers.py changed, reloading.
INFO:django.utils.autoreload:D:\python\djangoProject1\newspapers\serializers.py changed, reloading.
INFO:django.utils.autoreload:D:\python\djangoProject1\newspapers\views.py changed, reloading.
INFO:django.utils.autoreload:D:\python\djangoProject1\newspapers\serializers.py changed, reloading.
INFO:django.utils.autoreload:D:\python\djangoProject1\newspapers\serializers.py changed, reloading.
INFO:django.utils.autoreload:D:\python\djangoProject1\newspapers\serializers.py changed, reloading.
INFO:django.utils.autoreload:D:\python\djangoProject1\newspapers\serializers.py changed, reloading.
WARNING:django.request:Not Found: /menu/companies
WARNING:django.request:Not Found: /menu/companies
INFO:root:Show info about companies
INFO:root:Delete company Company òàë
INFO:root:Show info about companies
INFO:root:Delete company Company Ñòàë
INFO:root:Show info about companies
INFO:root:Delete company Company Ñ
INFO:root:Show info about companies
INFO:root:Show info about companies
INFO:django.utils.autoreload:D:\python\djangoProject1\newspapers\serializers.py changed, reloading.
WARNING:django.request:Not Found: /menu/companies_json/ye
WARNING:django.request:Not Found: /menu/companies_json/ye
WARNING:django.request:Not Found: /menu/companies_json/ye
INFO:django.utils.autoreload:D:\python\djangoProject1\newspapers\serializers.py changed, reloading.
ERROR:django.request:Internal Server Error: /menu/companies_json
Traceback (most recent call last):
  File "D:\python\djangoProject1\venv\lib\site-packages\django\core\handlers\exception.py", line 47, in inner
    response = get_response(request)
  File "D:\python\djangoProject1\venv\lib\site-packages\django\core\handlers\base.py", line 181, in _get_response
    response = wrapped_callback(request, *callback_args, **callback_kwargs)
  File "D:\python\djangoProject1\venv\lib\site-packages\django\views\decorators\csrf.py", line 54, in wrapped_view
    return view_func(*args, **kwargs)
  File "D:\python\djangoProject1\venv\lib\site-packages\django\views\generic\base.py", line 70, in view
    return self.dispatch(request, *args, **kwargs)
  File "D:\python\djangoProject1\venv\lib\site-packages\rest_framework\views.py", line 509, in dispatch
    response = self.handle_exception(exc)
  File "D:\python\djangoProject1\venv\lib\site-packages\rest_framework\views.py", line 469, in handle_exception
    self.raise_uncaught_exception(exc)
  File "D:\python\djangoProject1\venv\lib\site-packages\rest_framework\views.py", line 480, in raise_uncaught_exception
    raise exc
  File "D:\python\djangoProject1\venv\lib\site-packages\rest_framework\views.py", line 506, in dispatch
    response = handler(request, *args, **kwargs)
  File "D:\python\djangoProject1\newspapers\views.py", line 194, in post
    temp.save()
  File "D:\python\djangoProject1\venv\lib\site-packages\rest_framework\serializers.py", line 205, in save
    self.instance = self.create(validated_data)
  File "D:\python\djangoProject1\venv\lib\site-packages\rest_framework\serializers.py", line 925, in create
    raise_errors_on_nested_writes('create', self, validated_data)
  File "D:\python\djangoProject1\venv\lib\site-packages\rest_framework\serializers.py", line 790, in raise_errors_on_nested_writes
    assert not any(
AssertionError: The `.create()` method does not support writable nested fields by default.
Write an explicit `.create()` method for serializer `newspapers.serializers.serializerCompany`, or set `read_only=True` on nested serializer fields.
INFO:django.utils.autoreload:D:\python\djangoProject1\newspapers\serializers.py changed, reloading.
ERROR:django.request:Internal Server Error: /menu/companies_json
Traceback (most recent call last):
  File "D:\python\djangoProject1\venv\lib\site-packages\django\core\handlers\exception.py", line 47, in inner
    response = get_response(request)
  File "D:\python\djangoProject1\venv\lib\site-packages\django\core\handlers\base.py", line 181, in _get_response
    response = wrapped_callback(request, *callback_args, **callback_kwargs)
  File "D:\python\djangoProject1\venv\lib\site-packages\django\views\decorators\csrf.py", line 54, in wrapped_view
    return view_func(*args, **kwargs)
  File "D:\python\djangoProject1\venv\lib\site-packages\django\views\generic\base.py", line 70, in view
    return self.dispatch(request, *args, **kwargs)
  File "D:\python\djangoProject1\venv\lib\site-packages\rest_framework\views.py", line 509, in dispatch
    response = self.handle_exception(exc)
  File "D:\python\djangoProject1\venv\lib\site-packages\rest_framework\views.py", line 469, in handle_exception
    self.raise_uncaught_exception(exc)
  File "D:\python\djangoProject1\venv\lib\site-packages\rest_framework\views.py", line 480, in raise_uncaught_exception
    raise exc
  File "D:\python\djangoProject1\venv\lib\site-packages\rest_framework\views.py", line 506, in dispatch
    response = handler(request, *args, **kwargs)
  File "D:\python\djangoProject1\newspapers\views.py", line 194, in post
    temp.save()
  File "D:\python\djangoProject1\venv\lib\site-packages\rest_framework\serializers.py", line 205, in save
    self.instance = self.create(validated_data)
  File "D:\python\djangoProject1\venv\lib\site-packages\rest_framework\serializers.py", line 925, in create
    raise_errors_on_nested_writes('create', self, validated_data)
  File "D:\python\djangoProject1\venv\lib\site-packages\rest_framework\serializers.py", line 790, in raise_errors_on_nested_writes
    assert not any(
AssertionError: The `.create()` method does not support writable nested fields by default.
Write an explicit `.create()` method for serializer `newspapers.serializers.serializerCompany`, or set `read_only=True` on nested serializer fields.
WARNING:django.request:Not Found: /menu/companies
WARNING:django.request:Not Found: /menu/companies
INFO:root:Show info about companies
INFO:django.utils.autoreload:D:\python\djangoProject1\newspapers\serializers.py changed, reloading.
WARNING:django.request:Not Found: /menu/companies
INFO:root:Show info about companies
INFO:django.utils.autoreload:D:\python\djangoProject1\newspapers\views.py changed, reloading.
INFO:django.utils.autoreload:D:\python\djangoProject1\newspapers\serializers.py changed, reloading.
INFO:root:Show info about companies
INFO:root:Delete company Company àë
INFO:root:Show info about companies
INFO:root:Delete company Company Ñ
INFO:root:Show info about companies
INFO:root:Delete company Company Ñòàë
INFO:root:Show info about companies
INFO:django.utils.autoreload:D:\python\djangoProject1\newspapers\serializers.py changed, reloading.
WARNING:django.request:Not Found: /menu/companies
INFO:root:Delete type Êîìèê
INFO:root:Show info about companies
INFO:root:Delete company Company Ñàéë
INFO:root:Show info about companies
INFO:django.utils.autoreload:D:\python\djangoProject1\newspapers\views.py changed, reloading.
INFO:django.utils.autoreload:D:\python\djangoProject1\newspapers\serializers.py changed, reloading.
INFO:django.utils.autoreload:D:\python\djangoProject1\newspapers\serializers.py changed, reloading.
INFO:django.utils.autoreload:D:\python\djangoProject1\newspapers\serializers.py changed, reloading.
INFO:django.utils.autoreload:D:\python\djangoProject1\newspapers\serializers.py changed, reloading.
INFO:django.utils.autoreload:D:\python\djangoProject1\newspapers\serializers.py changed, reloading.
INFO:django.utils.autoreload:D:\python\djangoProject1\newspapers\serializers.py changed, reloading.
INFO:django.utils.autoreload:D:\python\djangoProject1\newspapers\views.py changed, reloading.
ERROR:django.request:Internal Server Error: /menu/companies_json/art
Traceback (most recent call last):
  File "D:\python\djangoProject1\venv\lib\site-packages\django\core\handlers\exception.py", line 47, in inner
    response = get_response(request)
  File "D:\python\djangoProject1\venv\lib\site-packages\django\core\handlers\base.py", line 181, in _get_response
    response = wrapped_callback(request, *callback_args, **callback_kwargs)
  File "D:\python\djangoProject1\venv\lib\site-packages\django\views\decorators\csrf.py", line 54, in wrapped_view
    return view_func(*args, **kwargs)
  File "D:\python\djangoProject1\venv\lib\site-packages\django\views\generic\base.py", line 70, in view
    return self.dispatch(request, *args, **kwargs)
  File "D:\python\djangoProject1\venv\lib\site-packages\rest_framework\views.py", line 511, in dispatch
    self.response = self.finalize_response(request, response, *args, **kwargs)
  File "D:\python\djangoProject1\venv\lib\site-packages\rest_framework\views.py", line 423, in finalize_response
    assert isinstance(response, HttpResponseBase), (
AssertionError: Expected a `Response`, `HttpResponse` or `HttpStreamingResponse` to be returned from the view, but received a `<class 'NoneType'>`
INFO:django.utils.autoreload:D:\python\djangoProject1\newspapers\views.py changed, reloading.
WARNING:django.request:Not Found: /menu/companies
INFO:root:Show info about companies
INFO:django.utils.autoreload:D:\python\djangoProject1\newspapers\views.py changed, reloading.
INFO:django.utils.autoreload:D:\python\djangoProject1\newspapers\views.py changed, reloading.
ERROR:django.request:Internal Server Error: /menu/companies_json/art
Traceback (most recent call last):
  File "D:\python\djangoProject1\venv\lib\site-packages\django\core\handlers\exception.py", line 47, in inner
    response = get_response(request)
  File "D:\python\djangoProject1\venv\lib\site-packages\django\core\handlers\base.py", line 181, in _get_response
    response = wrapped_callback(request, *callback_args, **callback_kwargs)
  File "D:\python\djangoProject1\venv\lib\site-packages\django\views\decorators\csrf.py", line 54, in wrapped_view
    return view_func(*args, **kwargs)
  File "D:\python\djangoProject1\venv\lib\site-packages\django\views\generic\base.py", line 70, in view
    return self.dispatch(request, *args, **kwargs)
  File "D:\python\djangoProject1\venv\lib\site-packages\rest_framework\views.py", line 509, in dispatch
    response = self.handle_exception(exc)
  File "D:\python\djangoProject1\venv\lib\site-packages\rest_framework\views.py", line 469, in handle_exception
    self.raise_uncaught_exception(exc)
  File "D:\python\djangoProject1\venv\lib\site-packages\rest_framework\views.py", line 480, in raise_uncaught_exception
    raise exc
  File "D:\python\djangoProject1\venv\lib\site-packages\rest_framework\views.py", line 506, in dispatch
    response = handler(request, *args, **kwargs)
  File "D:\python\djangoProject1\newspapers\views.py", line 213, in post
    print(request['name'])
TypeError: 'Request' object is not subscriptable
INFO:django.utils.autoreload:D:\python\djangoProject1\newspapers\views.py changed, reloading.
INFO:django.utils.autoreload:D:\python\djangoProject1\newspapers\views.py changed, reloading.
ERROR:django.request:Internal Server Error: /menu/companies_json/art
Traceback (most recent call last):
  File "D:\python\djangoProject1\venv\lib\site-packages\django\core\handlers\exception.py", line 47, in inner
    response = get_response(request)
  File "D:\python\djangoProject1\venv\lib\site-packages\django\core\handlers\base.py", line 181, in _get_response
    response = wrapped_callback(request, *callback_args, **callback_kwargs)
  File "D:\python\djangoProject1\venv\lib\site-packages\django\views\decorators\csrf.py", line 54, in wrapped_view
    return view_func(*args, **kwargs)
  File "D:\python\djangoProject1\venv\lib\site-packages\django\views\generic\base.py", line 70, in view
    return self.dispatch(request, *args, **kwargs)
  File "D:\python\djangoProject1\venv\lib\site-packages\rest_framework\views.py", line 509, in dispatch
    response = self.handle_exception(exc)
  File "D:\python\djangoProject1\venv\lib\site-packages\rest_framework\views.py", line 469, in handle_exception
    self.raise_uncaught_exception(exc)
  File "D:\python\djangoProject1\venv\lib\site-packages\rest_framework\views.py", line 480, in raise_uncaught_exception
    raise exc
  File "D:\python\djangoProject1\venv\lib\site-packages\rest_framework\views.py", line 506, in dispatch
    response = handler(request, *args, **kwargs)
  File "D:\python\djangoProject1\newspapers\views.py", line 213, in post
    company.name = request['name']
TypeError: 'Request' object is not subscriptable
INFO:django.utils.autoreload:D:\python\djangoProject1\newspapers\views.py changed, reloading.
INFO:django.utils.autoreload:D:\python\djangoProject1\newspapers\views.py changed, reloading.
WARNING:django.request:Not Found: /menu/companies_json/ar
INFO:django.utils.autoreload:D:\python\djangoProject1\newspapers\views.py changed, reloading.
WARNING:django.request:Not Found: /menu/companies_json/ar
WARNING:django.request:Not Found: /menu/companies_json/ar
WARNING:django.request:Not Found: /menu/companies_json/ar
WARNING:django.request:Not Found: /menu/companies_json/ar
WARNING:django.request:Method Not Allowed: /menu/companies_json/ar
INFO:django.utils.autoreload:D:\python\djangoProject1\newspapers\views.py changed, reloading.
WARNING:django.request:Not Found: /menu/companies_json/ar
WARNING:django.request:Not Found: /menu/companies_json/ar
WARNING:django.request:Not Found: /menu/companies_json/ar
WARNING:django.request:Not Found: /menu/companies_json/ar
WARNING:django.request:Not Found: /menu/companies_json/ar
WARNING:django.request:Not Found: /menu/companies_json/art
INFO:django.utils.autoreload:D:\python\djangoProject1\newspapers\views.py changed, reloading.
INFO:django.utils.autoreload:D:\python\djangoProject1\newspapers\views.py changed, reloading.
WARNING:django.request:Not Found: /menu/companies
ERROR:django.request:Internal Server Error: /menu/workers_json/gleb_andreev
Traceback (most recent call last):
  File "D:\python\djangoProject1\venv\lib\site-packages\django\core\handlers\exception.py", line 47, in inner
    response = get_response(request)
  File "D:\python\djangoProject1\venv\lib\site-packages\django\core\handlers\base.py", line 181, in _get_response
    response = wrapped_callback(request, *callback_args, **callback_kwargs)
  File "D:\python\djangoProject1\venv\lib\site-packages\django\views\decorators\csrf.py", line 54, in wrapped_view
    return view_func(*args, **kwargs)
  File "D:\python\djangoProject1\venv\lib\site-packages\django\views\generic\base.py", line 70, in view
    return self.dispatch(request, *args, **kwargs)
  File "D:\python\djangoProject1\venv\lib\site-packages\rest_framework\views.py", line 509, in dispatch
    response = self.handle_exception(exc)
  File "D:\python\djangoProject1\venv\lib\site-packages\rest_framework\views.py", line 469, in handle_exception
    self.raise_uncaught_exception(exc)
  File "D:\python\djangoProject1\venv\lib\site-packages\rest_framework\views.py", line 480, in raise_uncaught_exception
    raise exc
  File "D:\python\djangoProject1\venv\lib\site-packages\rest_framework\views.py", line 506, in dispatch
    response = handler(request, *args, **kwargs)
  File "D:\python\djangoProject1\newspapers\views.py", line 237, in get
    worker = Worker.objects.get(slug=worker_slug)
  File "D:\python\djangoProject1\venv\lib\site-packages\django\db\models\manager.py", line 85, in manager_method
    return getattr(self.get_queryset(), name)(*args, **kwargs)
  File "D:\python\djangoProject1\venv\lib\site-packages\django\db\models\query.py", line 429, in get
    raise self.model.DoesNotExist(
newspapers.models.Worker.DoesNotExist: Worker matching query does not exist.
INFO:django.utils.autoreload:D:\python\djangoProject1\newspapers\views.py changed, reloading.
WARNING:django.request:Not Found: /menu/workers_json/gleb_andree
WARNING:django.request:Not Found: /menu/workers_json/gleb_andreev
INFO:django.utils.autoreload:D:\python\djangoProject1\newspapers\views.py changed, reloading.
WARNING:django.request:Not Found: /menu/all_types_json/comix
INFO:django.utils.autoreload:D:\python\djangoProject1\newspapers\views.py changed, reloading.
INFO:django.utils.autoreload:D:\python\djangoProject1\newspapers\views.py changed, reloading.
INFO:django.utils.autoreload:D:\python\djangoProject1\newspapers\views.py changed, reloading.
WARNING:django.request:Not Found: /menu/companies_json/ar
WARNING:django.request:Not Found: /menu/companies_json/art
WARNING:django.request:Not Found: /menu/companies_json/art
INFO:django.utils.autoreload:D:\python\djangoProject1\newspapers\serializers.py changed, reloading.
INFO:django.utils.autoreload:D:\python\djangoProject1\newspapers\serializers.py changed, reloading.
